<?xml version="1.0" encoding="UTF-8"?>
<testsuite xmlns:xsi="http://www.w3.org/2001/XMLSchema-instance" xsi:noNamespaceSchemaLocation="https://maven.apache.org/surefire/maven-surefire-plugin/xsd/surefire-test-report-3.0.xsd" version="3.0" name="TestSuite" time="6.971" tests="4" errors="0" skipped="0" failures="0">
  <properties>
    <property name="java.specification.version" value="18"/>
    <property name="sun.jnu.encoding" value="UTF-8"/>
    <property name="java.class.path" value="/Users/carloscristaldo/.m2/repository/org/apache/maven/surefire/surefire-booter/3.0.0-M6/surefire-booter-3.0.0-M6.jar:/Users/carloscristaldo/.m2/repository/org/apache/maven/surefire/surefire-api/3.0.0-M6/surefire-api-3.0.0-M6.jar:/Users/carloscristaldo/.m2/repository/org/apache/maven/surefire/surefire-logger-api/3.0.0-M6/surefire-logger-api-3.0.0-M6.jar:/Users/carloscristaldo/.m2/repository/org/apache/maven/surefire/surefire-shared-utils/3.0.0-M6/surefire-shared-utils-3.0.0-M6.jar:/Users/carloscristaldo/.m2/repository/org/apache/maven/surefire/surefire-extensions-spi/3.0.0-M6/surefire-extensions-spi-3.0.0-M6.jar:/Users/carloscristaldo/demoblazeid/target/test-classes:/Users/carloscristaldo/demoblazeid/target/classes:/Users/carloscristaldo/.m2/repository/com/qaprosoft/carina-core/7.4.21/carina-core-7.4.21.jar:/Users/carloscristaldo/.m2/repository/com/qaprosoft/carina-dataprovider/7.4.21/carina-dataprovider-7.4.21.jar:/Users/carloscristaldo/.m2/repository/com/qaprosoft/carina-commons/7.4.21/carina-commons-7.4.21.jar:/Users/carloscristaldo/.m2/repository/net/sf/opencsv/opencsv/1.7/opencsv-1.7.jar:/Users/carloscristaldo/.m2/repository/org/apache/poi/poi-ooxml/4.1.2/poi-ooxml-4.1.2.jar:/Users/carloscristaldo/.m2/repository/org/apache/poi/poi/4.1.2/poi-4.1.2.jar:/Users/carloscristaldo/.m2/repository/org/apache/commons/commons-collections4/4.4/commons-collections4-4.4.jar:/Users/carloscristaldo/.m2/repository/org/apache/commons/commons-math3/3.6.1/commons-math3-3.6.1.jar:/Users/carloscristaldo/.m2/repository/com/zaxxer/SparseBitSet/1.2/SparseBitSet-1.2.jar:/Users/carloscristaldo/.m2/repository/org/apache/poi/poi-ooxml-schemas/4.1.2/poi-ooxml-schemas-4.1.2.jar:/Users/carloscristaldo/.m2/repository/org/apache/xmlbeans/xmlbeans/3.1.0/xmlbeans-3.1.0.jar:/Users/carloscristaldo/.m2/repository/org/apache/commons/commons-compress/1.19/commons-compress-1.19.jar:/Users/carloscristaldo/.m2/repository/com/github/virtuald/curvesapi/1.06/curvesapi-1.06.jar:/Users/carloscristaldo/.m2/repository/com/qaprosoft/carina-utils/7.4.21/carina-utils-7.4.21.jar:/Users/carloscristaldo/.m2/repository/com/qaprosoft/carina-crypto/7.4.21/carina-crypto-7.4.21.jar:/Users/carloscristaldo/.m2/repository/commons-cli/commons-cli/1.2/commons-cli-1.2.jar:/Users/carloscristaldo/.m2/repository/commons-codec/commons-codec/1.9/commons-codec-1.9.jar:/Users/carloscristaldo/.m2/repository/com/zebrunner/agent-testng-pluggable/1.7.0/agent-testng-pluggable-1.7.0.jar:/Users/carloscristaldo/.m2/repository/com/zebrunner/agent-core/1.7.0/agent-core-1.7.0.jar:/Users/carloscristaldo/.m2/repository/com/konghq/unirest-java/3.13.10/unirest-java-3.13.10.jar:/Users/carloscristaldo/.m2/repository/org/apache/httpcomponents/httpcore-nio/4.4.13/httpcore-nio-4.4.13.jar:/Users/carloscristaldo/.m2/repository/org/apache/httpcomponents/httpasyncclient/4.1.5/httpasyncclient-4.1.5.jar:/Users/carloscristaldo/.m2/repository/org/yaml/snakeyaml/1.30/snakeyaml-1.30.jar:/Users/carloscristaldo/.m2/repository/org/apache/logging/log4j/log4j-slf4j-impl/2.17.1/log4j-slf4j-impl-2.17.1.jar:/Users/carloscristaldo/.m2/repository/commons-io/commons-io/2.7/commons-io-2.7.jar:/Users/carloscristaldo/.m2/repository/org/seleniumhq/selenium/selenium-api/3.141.59/selenium-api-3.141.59.jar:/Users/carloscristaldo/.m2/repository/org/seleniumhq/selenium/selenium-remote-driver/3.141.59/selenium-remote-driver-3.141.59.jar:/Users/carloscristaldo/.m2/repository/com/sun/jna/jna/3.0.9/jna-3.0.9.jar:/Users/carloscristaldo/.m2/repository/io/rest-assured/rest-assured/4.3.0/rest-assured-4.3.0.jar:/Users/carloscristaldo/.m2/repository/org/codehaus/groovy/groovy/3.0.2/groovy-3.0.2.jar:/Users/carloscristaldo/.m2/repository/org/codehaus/groovy/groovy-xml/3.0.2/groovy-xml-3.0.2.jar:/Users/carloscristaldo/.m2/repository/org/apache/httpcomponents/httpmime/4.5.3/httpmime-4.5.3.jar:/Users/carloscristaldo/.m2/repository/org/hamcrest/hamcrest/2.1/hamcrest-2.1.jar:/Users/carloscristaldo/.m2/repository/org/ccil/cowan/tagsoup/tagsoup/1.2.1/tagsoup-1.2.1.jar:/Users/carloscristaldo/.m2/repository/io/rest-assured/xml-path/4.3.0/xml-path-4.3.0.jar:/Users/carloscristaldo/.m2/repository/jakarta/xml/bind/jakarta.xml.bind-api/2.3.2/jakarta.xml.bind-api-2.3.2.jar:/Users/carloscristaldo/.m2/repository/jakarta/activation/jakarta.activation-api/1.2.1/jakarta.activation-api-1.2.1.jar:/Users/carloscristaldo/.m2/repository/com/sun/xml/bind/jaxb-osgi/2.3.0.1/jaxb-osgi-2.3.0.1.jar:/Users/carloscristaldo/.m2/repository/org/apache/sling/org.apache.sling.javax.activation/0.1.0/org.apache.sling.javax.activation-0.1.0.jar:/Users/carloscristaldo/.m2/repository/io/rest-assured/json-path/4.3.0/json-path-4.3.0.jar:/Users/carloscristaldo/.m2/repository/org/codehaus/groovy/groovy-json/3.0.2/groovy-json-3.0.2.jar:/Users/carloscristaldo/.m2/repository/io/rest-assured/rest-assured-common/4.3.0/rest-assured-common-4.3.0.jar:/Users/carloscristaldo/.m2/repository/org/apache/pdfbox/pdfbox/2.0.24/pdfbox-2.0.24.jar:/Users/carloscristaldo/.m2/repository/org/apache/pdfbox/fontbox/2.0.24/fontbox-2.0.24.jar:/Users/carloscristaldo/.m2/repository/com/fasterxml/jackson/core/jackson-databind/2.11.0/jackson-databind-2.11.0.jar:/Users/carloscristaldo/.m2/repository/com/fasterxml/jackson/core/jackson-core/2.11.0/jackson-core-2.11.0.jar:/Users/carloscristaldo/.m2/repository/com/fasterxml/jackson/core/jackson-annotations/2.11.0/jackson-annotations-2.11.0.jar:/Users/carloscristaldo/.m2/repository/org/mongodb/mongo-java-driver/2.11.3/mongo-java-driver-2.11.3.jar:/Users/carloscristaldo/.m2/repository/joda-time/joda-time/2.9.9/joda-time-2.9.9.jar:/Users/carloscristaldo/.m2/repository/commons-net/commons-net/3.3/commons-net-3.3.jar:/Users/carloscristaldo/.m2/repository/org/imgscalr/imgscalr-lib/4.2/imgscalr-lib-4.2.jar:/Users/carloscristaldo/.m2/repository/com/google/code/gson/gson/2.8.9/gson-2.8.9.jar:/Users/carloscristaldo/.m2/repository/javax/xml/bind/jaxb-api/2.2.2/jaxb-api-2.2.2.jar:/Users/carloscristaldo/.m2/repository/javax/xml/stream/stax-api/1.0-2/stax-api-1.0-2.jar:/Users/carloscristaldo/.m2/repository/javax/activation/activation/1.1/activation-1.1.jar:/Users/carloscristaldo/.m2/repository/com/qaprosoft/carina-api/7.4.21/carina-api-7.4.21.jar:/Users/carloscristaldo/.m2/repository/org/apache/httpcomponents/httpclient/4.5.13/httpclient-4.5.13.jar:/Users/carloscristaldo/.m2/repository/org/apache/httpcomponents/httpcore/4.4.13/httpcore-4.4.13.jar:/Users/carloscristaldo/.m2/repository/commons-logging/commons-logging/1.2/commons-logging-1.2.jar:/Users/carloscristaldo/.m2/repository/org/apache/commons/commons-configuration2/2.7/commons-configuration2-2.7.jar:/Users/carloscristaldo/.m2/repository/org/apache/commons/commons-text/1.8/commons-text-1.8.jar:/Users/carloscristaldo/.m2/repository/org/freemarker/freemarker/2.3.31/freemarker-2.3.31.jar:/Users/carloscristaldo/.m2/repository/org/skyscreamer/jsonassert/1.5.0/jsonassert-1.5.0.jar:/Users/carloscristaldo/.m2/repository/ognl/ognl/3.3.2/ognl-3.3.2.jar:/Users/carloscristaldo/.m2/repository/org/javassist/javassist/3.28.0-GA/javassist-3.28.0-GA.jar:/Users/carloscristaldo/.m2/repository/org/xmlunit/xmlunit-assertj3/2.8.2/xmlunit-assertj3-2.8.2.jar:/Users/carloscristaldo/.m2/repository/org/xmlunit/xmlunit-core/2.8.2/xmlunit-core-2.8.2.jar:/Users/carloscristaldo/.m2/repository/org/assertj/assertj-core/3.18.1/assertj-core-3.18.1.jar:/Users/carloscristaldo/.m2/repository/io/rest-assured/json-schema-validator/4.3.0/json-schema-validator-4.3.0.jar:/Users/carloscristaldo/.m2/repository/com/github/java-json-tools/json-schema-validator/2.2.10/json-schema-validator-2.2.10.jar:/Users/carloscristaldo/.m2/repository/com/github/java-json-tools/json-schema-core/1.2.10/json-schema-core-1.2.10.jar:/Users/carloscristaldo/.m2/repository/com/github/java-json-tools/jackson-coreutils/1.9/jackson-coreutils-1.9.jar:/Users/carloscristaldo/.m2/repository/com/github/fge/msg-simple/1.1/msg-simple-1.1.jar:/Users/carloscristaldo/.m2/repository/com/github/fge/btf/1.2/btf-1.2.jar:/Users/carloscristaldo/.m2/repository/com/github/fge/uri-template/0.9/uri-template-0.9.jar:/Users/carloscristaldo/.m2/repository/org/mozilla/rhino/1.7.7.1/rhino-1.7.7.1.jar:/Users/carloscristaldo/.m2/repository/javax/mail/mailapi/1.4.3/mailapi-1.4.3.jar:/Users/carloscristaldo/.m2/repository/com/googlecode/libphonenumber/libphonenumber/8.0.0/libphonenumber-8.0.0.jar:/Users/carloscristaldo/.m2/repository/net/sf/jopt-simple/jopt-simple/5.0.3/jopt-simple-5.0.3.jar:/Users/carloscristaldo/.m2/repository/org/everit/json/org.everit.json.schema/1.5.1/org.everit.json.schema-1.5.1.jar:/Users/carloscristaldo/.m2/repository/org/json/json/20160810/json-20160810.jar:/Users/carloscristaldo/.m2/repository/com/jayway/jsonpath/json-path/2.5.0/json-path-2.5.0.jar:/Users/carloscristaldo/.m2/repository/net/minidev/json-smart/2.3/json-smart-2.3.jar:/Users/carloscristaldo/.m2/repository/net/minidev/accessors-smart/1.2/accessors-smart-1.2.jar:/Users/carloscristaldo/.m2/repository/com/qaprosoft/carina-reporting/7.4.21/carina-reporting-7.4.21.jar:/Users/carloscristaldo/.m2/repository/com/qaprosoft/carina-webdriver/7.4.21/carina-webdriver-7.4.21.jar:/Users/carloscristaldo/.m2/repository/org/seleniumhq/selenium/selenium-firefox-driver/3.141.59/selenium-firefox-driver-3.141.59.jar:/Users/carloscristaldo/.m2/repository/org/seleniumhq/selenium/selenium-chrome-driver/3.141.59/selenium-chrome-driver-3.141.59.jar:/Users/carloscristaldo/.m2/repository/ru/yandex/qatools/ashot/ashot/1.5.4/ashot-1.5.4.jar:/Users/carloscristaldo/.m2/repository/com/itextpdf/itextpdf/5.5.13.2/itextpdf-5.5.13.2.jar:/Users/carloscristaldo/.m2/repository/org/reflections/reflections/0.9.10/reflections-0.9.10.jar:/Users/carloscristaldo/.m2/repository/com/google/code/findbugs/annotations/2.0.1/annotations-2.0.1.jar:/Users/carloscristaldo/.m2/repository/com/sun/jersey/jersey-core/1.19.4/jersey-core-1.19.4.jar:/Users/carloscristaldo/.m2/repository/javax/ws/rs/jsr311-api/1.1.1/jsr311-api-1.1.1.jar:/Users/carloscristaldo/.m2/repository/org/hamcrest/hamcrest-core/1.3/hamcrest-core-1.3.jar:/Users/carloscristaldo/.m2/repository/org/hamcrest/hamcrest-all/1.3/hamcrest-all-1.3.jar:/Users/carloscristaldo/.m2/repository/com/qaprosoft/carina-appcenter/7.4.21/carina-appcenter-7.4.21.jar:/Users/carloscristaldo/.m2/repository/org/springframework/spring-web/5.3.19/spring-web-5.3.19.jar:/Users/carloscristaldo/.m2/repository/org/springframework/spring-beans/5.3.19/spring-beans-5.3.19.jar:/Users/carloscristaldo/.m2/repository/org/springframework/spring-core/5.3.19/spring-core-5.3.19.jar:/Users/carloscristaldo/.m2/repository/org/springframework/spring-jcl/5.3.19/spring-jcl-5.3.19.jar:/Users/carloscristaldo/.m2/repository/com/google/guava/guava/29.0-jre/guava-29.0-jre.jar:/Users/carloscristaldo/.m2/repository/com/google/guava/failureaccess/1.0.1/failureaccess-1.0.1.jar:/Users/carloscristaldo/.m2/repository/com/google/guava/listenablefuture/9999.0-empty-to-avoid-conflict-with-guava/listenablefuture-9999.0-empty-to-avoid-conflict-with-guava.jar:/Users/carloscristaldo/.m2/repository/com/google/errorprone/error_prone_annotations/2.3.4/error_prone_annotations-2.3.4.jar:/Users/carloscristaldo/.m2/repository/com/google/j2objc/j2objc-annotations/1.3/j2objc-annotations-1.3.jar:/Users/carloscristaldo/.m2/repository/com/qaprosoft/carina-aws-s3/7.4.21/carina-aws-s3-7.4.21.jar:/Users/carloscristaldo/.m2/repository/com/amazonaws/aws-java-sdk-core/1.11.923/aws-java-sdk-core-1.11.923.jar:/Users/carloscristaldo/.m2/repository/software/amazon/ion/ion-java/1.0.2/ion-java-1.0.2.jar:/Users/carloscristaldo/.m2/repository/com/fasterxml/jackson/dataformat/jackson-dataformat-cbor/2.6.7/jackson-dataformat-cbor-2.6.7.jar:/Users/carloscristaldo/.m2/repository/com/qaprosoft/carina-proxy/7.4.21/carina-proxy-7.4.21.jar:/Users/carloscristaldo/.m2/repository/net/lightbody/bmp/browsermob-core/2.1.5/browsermob-core-2.1.5.jar:/Users/carloscristaldo/.m2/repository/net/lightbody/bmp/littleproxy/1.1.0-beta-bmp-17/littleproxy-1.1.0-beta-bmp-17.jar:/Users/carloscristaldo/.m2/repository/dnsjava/dnsjava/2.1.8/dnsjava-2.1.8.jar:/Users/carloscristaldo/.m2/repository/org/slf4j/jcl-over-slf4j/1.7.25/jcl-over-slf4j-1.7.25.jar:/Users/carloscristaldo/.m2/repository/com/jcraft/jzlib/1.1.3/jzlib-1.1.3.jar:/Users/carloscristaldo/.m2/repository/org/bouncycastle/bcprov-jdk15on/1.58/bcprov-jdk15on-1.58.jar:/Users/carloscristaldo/.m2/repository/org/bouncycastle/bcpkix-jdk15on/1.58/bcpkix-jdk15on-1.58.jar:/Users/carloscristaldo/.m2/repository/net/lightbody/bmp/mitm/2.1.5/mitm-2.1.5.jar:/Users/carloscristaldo/.m2/repository/io/netty/netty-all/4.1.73.Final/netty-all-4.1.73.Final.jar:/Users/carloscristaldo/.m2/repository/io/netty/netty-buffer/4.1.73.Final/netty-buffer-4.1.73.Final.jar:/Users/carloscristaldo/.m2/repository/io/netty/netty-codec/4.1.73.Final/netty-codec-4.1.73.Final.jar:/Users/carloscristaldo/.m2/repository/io/netty/netty-codec-dns/4.1.73.Final/netty-codec-dns-4.1.73.Final.jar:/Users/carloscristaldo/.m2/repository/io/netty/netty-codec-haproxy/4.1.73.Final/netty-codec-haproxy-4.1.73.Final.jar:/Users/carloscristaldo/.m2/repository/io/netty/netty-codec-http/4.1.73.Final/netty-codec-http-4.1.73.Final.jar:/Users/carloscristaldo/.m2/repository/io/netty/netty-codec-http2/4.1.73.Final/netty-codec-http2-4.1.73.Final.jar:/Users/carloscristaldo/.m2/repository/io/netty/netty-codec-memcache/4.1.73.Final/netty-codec-memcache-4.1.73.Final.jar:/Users/carloscristaldo/.m2/repository/io/netty/netty-codec-mqtt/4.1.73.Final/netty-codec-mqtt-4.1.73.Final.jar:/Users/carloscristaldo/.m2/repository/io/netty/netty-codec-redis/4.1.73.Final/netty-codec-redis-4.1.73.Final.jar:/Users/carloscristaldo/.m2/repository/io/netty/netty-codec-smtp/4.1.73.Final/netty-codec-smtp-4.1.73.Final.jar:/Users/carloscristaldo/.m2/repository/io/netty/netty-codec-socks/4.1.73.Final/netty-codec-socks-4.1.73.Final.jar:/Users/carloscristaldo/.m2/repository/io/netty/netty-codec-stomp/4.1.73.Final/netty-codec-stomp-4.1.73.Final.jar:/Users/carloscristaldo/.m2/repository/io/netty/netty-codec-xml/4.1.73.Final/netty-codec-xml-4.1.73.Final.jar:/Users/carloscristaldo/.m2/repository/io/netty/netty-common/4.1.73.Final/netty-common-4.1.73.Final.jar:/Users/carloscristaldo/.m2/repository/io/netty/netty-handler/4.1.73.Final/netty-handler-4.1.73.Final.jar:/Users/carloscristaldo/.m2/repository/io/netty/netty-tcnative-classes/2.0.46.Final/netty-tcnative-classes-2.0.46.Final.jar:/Users/carloscristaldo/.m2/repository/io/netty/netty-handler-proxy/4.1.73.Final/netty-handler-proxy-4.1.73.Final.jar:/Users/carloscristaldo/.m2/repository/io/netty/netty-resolver/4.1.73.Final/netty-resolver-4.1.73.Final.jar:/Users/carloscristaldo/.m2/repository/io/netty/netty-resolver-dns/4.1.73.Final/netty-resolver-dns-4.1.73.Final.jar:/Users/carloscristaldo/.m2/repository/io/netty/netty-transport/4.1.73.Final/netty-transport-4.1.73.Final.jar:/Users/carloscristaldo/.m2/repository/io/netty/netty-transport-rxtx/4.1.73.Final/netty-transport-rxtx-4.1.73.Final.jar:/Users/carloscristaldo/.m2/repository/io/netty/netty-transport-sctp/4.1.73.Final/netty-transport-sctp-4.1.73.Final.jar:/Users/carloscristaldo/.m2/repository/io/netty/netty-transport-udt/4.1.73.Final/netty-transport-udt-4.1.73.Final.jar:/Users/carloscristaldo/.m2/repository/io/netty/netty-transport-classes-epoll/4.1.73.Final/netty-transport-classes-epoll-4.1.73.Final.jar:/Users/carloscristaldo/.m2/repository/io/netty/netty-transport-native-unix-common/4.1.73.Final/netty-transport-native-unix-common-4.1.73.Final.jar:/Users/carloscristaldo/.m2/repository/io/netty/netty-transport-classes-kqueue/4.1.73.Final/netty-transport-classes-kqueue-4.1.73.Final.jar:/Users/carloscristaldo/.m2/repository/io/netty/netty-resolver-dns-classes-macos/4.1.73.Final/netty-resolver-dns-classes-macos-4.1.73.Final.jar:/Users/carloscristaldo/.m2/repository/io/netty/netty-transport-native-epoll/4.1.73.Final/netty-transport-native-epoll-4.1.73.Final-linux-x86_64.jar:/Users/carloscristaldo/.m2/repository/io/netty/netty-transport-native-epoll/4.1.73.Final/netty-transport-native-epoll-4.1.73.Final-linux-aarch_64.jar:/Users/carloscristaldo/.m2/repository/io/netty/netty-transport-native-kqueue/4.1.73.Final/netty-transport-native-kqueue-4.1.73.Final-osx-x86_64.jar:/Users/carloscristaldo/.m2/repository/io/netty/netty-transport-native-kqueue/4.1.73.Final/netty-transport-native-kqueue-4.1.73.Final-osx-aarch_64.jar:/Users/carloscristaldo/.m2/repository/io/netty/netty-resolver-dns-native-macos/4.1.73.Final/netty-resolver-dns-native-macos-4.1.73.Final-osx-x86_64.jar:/Users/carloscristaldo/.m2/repository/io/netty/netty-resolver-dns-native-macos/4.1.73.Final/netty-resolver-dns-native-macos-4.1.73.Final-osx-aarch_64.jar:/Users/carloscristaldo/.m2/repository/org/apache/commons/commons-lang3/3.5/commons-lang3-3.5.jar:/Users/carloscristaldo/.m2/repository/commons-collections/commons-collections/3.2.2/commons-collections-3.2.2.jar:/Users/carloscristaldo/.m2/repository/org/seleniumhq/selenium/selenium-support/3.141.59/selenium-support-3.141.59.jar:/Users/carloscristaldo/.m2/repository/org/apache/commons/commons-exec/1.3/commons-exec-1.3.jar:/Users/carloscristaldo/.m2/repository/com/squareup/okhttp3/okhttp/3.11.0/okhttp-3.11.0.jar:/Users/carloscristaldo/.m2/repository/com/squareup/okio/okio/1.14.0/okio-1.14.0.jar:/Users/carloscristaldo/.m2/repository/com/amazonaws/aws-java-sdk-s3/1.11.923/aws-java-sdk-s3-1.11.923.jar:/Users/carloscristaldo/.m2/repository/org/testng/testng/7.5/testng-7.5.jar:/Users/carloscristaldo/.m2/repository/com/google/code/findbugs/jsr305/3.0.1/jsr305-3.0.1.jar:/Users/carloscristaldo/.m2/repository/com/beust/jcommander/1.78/jcommander-1.78.jar:/Users/carloscristaldo/.m2/repository/org/webjars/jquery/3.5.1/jquery-3.5.1.jar:/Users/carloscristaldo/.m2/repository/com/nordstrom/tools/testng-foundation/2.0.1/testng-foundation-2.0.1.jar:/Users/carloscristaldo/.m2/repository/com/nordstrom/tools/java-utils/1.9.3/java-utils-1.9.3.jar:/Users/carloscristaldo/.m2/repository/com/nordstrom/tools/settings/2.3.3/settings-2.3.3.jar:/Users/carloscristaldo/.m2/repository/commons-beanutils/commons-beanutils/1.9.4/commons-beanutils-1.9.4.jar:/Users/carloscristaldo/.m2/repository/io/appium/java-client/7.6.0/java-client-7.6.0.jar:/Users/carloscristaldo/.m2/repository/org/seleniumhq/selenium/selenium-java/3.141.59/selenium-java-3.141.59.jar:/Users/carloscristaldo/.m2/repository/org/seleniumhq/selenium/selenium-edge-driver/3.141.59/selenium-edge-driver-3.141.59.jar:/Users/carloscristaldo/.m2/repository/org/seleniumhq/selenium/selenium-ie-driver/3.141.59/selenium-ie-driver-3.141.59.jar:/Users/carloscristaldo/.m2/repository/org/seleniumhq/selenium/selenium-opera-driver/3.141.59/selenium-opera-driver-3.141.59.jar:/Users/carloscristaldo/.m2/repository/org/seleniumhq/selenium/selenium-safari-driver/3.141.59/selenium-safari-driver-3.141.59.jar:/Users/carloscristaldo/.m2/repository/cglib/cglib/3.3.0/cglib-3.3.0.jar:/Users/carloscristaldo/.m2/repository/org/ow2/asm/asm/7.1/asm-7.1.jar:/Users/carloscristaldo/.m2/repository/commons-validator/commons-validator/1.7/commons-validator-1.7.jar:/Users/carloscristaldo/.m2/repository/commons-digester/commons-digester/2.1/commons-digester-2.1.jar:/Users/carloscristaldo/.m2/repository/org/aspectj/aspectjweaver/1.9.7/aspectjweaver-1.9.7.jar:/Users/carloscristaldo/.m2/repository/com/qaprosoft/carina-azure/7.4.21/carina-azure-7.4.21.jar:/Users/carloscristaldo/.m2/repository/com/azure/azure-storage-blob/12.7.0/azure-storage-blob-12.7.0.jar:/Users/carloscristaldo/.m2/repository/com/azure/azure-core/1.5.1/azure-core-1.5.1.jar:/Users/carloscristaldo/.m2/repository/com/fasterxml/jackson/datatype/jackson-datatype-jsr310/2.10.1/jackson-datatype-jsr310-2.10.1.jar:/Users/carloscristaldo/.m2/repository/com/fasterxml/jackson/dataformat/jackson-dataformat-xml/2.10.1/jackson-dataformat-xml-2.10.1.jar:/Users/carloscristaldo/.m2/repository/com/fasterxml/jackson/module/jackson-module-jaxb-annotations/2.10.1/jackson-module-jaxb-annotations-2.10.1.jar:/Users/carloscristaldo/.m2/repository/org/codehaus/woodstox/stax2-api/4.2/stax2-api-4.2.jar:/Users/carloscristaldo/.m2/repository/com/fasterxml/woodstox/woodstox-core/6.0.2/woodstox-core-6.0.2.jar:/Users/carloscristaldo/.m2/repository/io/projectreactor/reactor-core/3.3.5.RELEASE/reactor-core-3.3.5.RELEASE.jar:/Users/carloscristaldo/.m2/repository/org/reactivestreams/reactive-streams/1.0.3/reactive-streams-1.0.3.jar:/Users/carloscristaldo/.m2/repository/io/netty/netty-tcnative-boringssl-static/2.0.29.Final/netty-tcnative-boringssl-static-2.0.29.Final.jar:/Users/carloscristaldo/.m2/repository/com/azure/azure-storage-common/12.7.0/azure-storage-common-12.7.0.jar:/Users/carloscristaldo/.m2/repository/com/azure/azure-core-http-netty/1.5.2/azure-core-http-netty-1.5.2.jar:/Users/carloscristaldo/.m2/repository/io/projectreactor/netty/reactor-netty/0.9.7.RELEASE/reactor-netty-0.9.7.RELEASE.jar:/Users/carloscristaldo/.m2/repository/org/slf4j/slf4j-api/1.7.30/slf4j-api-1.7.30.jar:/Users/carloscristaldo/.m2/repository/org/apache/logging/log4j/log4j-api/2.17.1/log4j-api-2.17.1.jar:/Users/carloscristaldo/.m2/repository/org/apache/logging/log4j/log4j-core/2.17.1/log4j-core-2.17.1.jar:/Users/carloscristaldo/.m2/repository/net/bytebuddy/byte-buddy/1.10.18/byte-buddy-1.10.18.jar:/Users/carloscristaldo/.m2/repository/org/mybatis/mybatis/3.5.6/mybatis-3.5.6.jar:/Users/carloscristaldo/.m2/repository/org/postgresql/postgresql/42.3.3/postgresql-42.3.3.jar:/Users/carloscristaldo/.m2/repository/org/checkerframework/checker-qual/3.5.0/checker-qual-3.5.0.jar:/Users/carloscristaldo/.m2/repository/org/apache/maven/surefire/surefire-testng/3.0.0-M6/surefire-testng-3.0.0-M6.jar:/Users/carloscristaldo/.m2/repository/org/apache/maven/surefire/common-java5/3.0.0-M6/common-java5-3.0.0-M6.jar:/Users/carloscristaldo/.m2/repository/org/apache/maven/surefire/surefire-testng-utils/3.0.0-M6/surefire-testng-utils-3.0.0-M6.jar:/Users/carloscristaldo/.m2/repository/org/apache/maven/surefire/surefire-grouper/3.0.0-M6/surefire-grouper-3.0.0-M6.jar"/>
    <property name="java.vm.vendor" value="Oracle Corporation"/>
    <property name="sun.arch.data.model" value="64"/>
    <property name="java.vendor.url" value="https://java.oracle.com/"/>
    <property name="user.timezone" value="America/Argentina/Cordoba"/>
    <property name="os.name" value="Mac OS X"/>
    <property name="java.vm.specification.version" value="18"/>
    <property name="sun.java.launcher" value="SUN_STANDARD"/>
    <property name="user.country" value="AR"/>
    <property name="sun.boot.library.path" value="/Library/Java/JavaVirtualMachines/jdk-18.0.1.jdk/Contents/Home/lib"/>
    <property name="sun.java.command" value="org.apache.maven.surefire.booter.ForkedBooter /Users/carloscristaldo/demoblazeid/target/surefire 2022-06-23T20-45-38_587-jvmRun1 surefire9391752619638053094tmp surefire_01737440163278513143tmp"/>
    <property name="http.nonProxyHosts" value="local|*.local|169.254/16|*.169.254/16"/>
    <property name="jdk.debug" value="release"/>
    <property name="surefire.test.class.path" value="/Users/carloscristaldo/demoblazeid/target/test-classes:/Users/carloscristaldo/demoblazeid/target/classes:/Users/carloscristaldo/.m2/repository/com/qaprosoft/carina-core/7.4.21/carina-core-7.4.21.jar:/Users/carloscristaldo/.m2/repository/com/qaprosoft/carina-dataprovider/7.4.21/carina-dataprovider-7.4.21.jar:/Users/carloscristaldo/.m2/repository/com/qaprosoft/carina-commons/7.4.21/carina-commons-7.4.21.jar:/Users/carloscristaldo/.m2/repository/net/sf/opencsv/opencsv/1.7/opencsv-1.7.jar:/Users/carloscristaldo/.m2/repository/org/apache/poi/poi-ooxml/4.1.2/poi-ooxml-4.1.2.jar:/Users/carloscristaldo/.m2/repository/org/apache/poi/poi/4.1.2/poi-4.1.2.jar:/Users/carloscristaldo/.m2/repository/org/apache/commons/commons-collections4/4.4/commons-collections4-4.4.jar:/Users/carloscristaldo/.m2/repository/org/apache/commons/commons-math3/3.6.1/commons-math3-3.6.1.jar:/Users/carloscristaldo/.m2/repository/com/zaxxer/SparseBitSet/1.2/SparseBitSet-1.2.jar:/Users/carloscristaldo/.m2/repository/org/apache/poi/poi-ooxml-schemas/4.1.2/poi-ooxml-schemas-4.1.2.jar:/Users/carloscristaldo/.m2/repository/org/apache/xmlbeans/xmlbeans/3.1.0/xmlbeans-3.1.0.jar:/Users/carloscristaldo/.m2/repository/org/apache/commons/commons-compress/1.19/commons-compress-1.19.jar:/Users/carloscristaldo/.m2/repository/com/github/virtuald/curvesapi/1.06/curvesapi-1.06.jar:/Users/carloscristaldo/.m2/repository/com/qaprosoft/carina-utils/7.4.21/carina-utils-7.4.21.jar:/Users/carloscristaldo/.m2/repository/com/qaprosoft/carina-crypto/7.4.21/carina-crypto-7.4.21.jar:/Users/carloscristaldo/.m2/repository/commons-cli/commons-cli/1.2/commons-cli-1.2.jar:/Users/carloscristaldo/.m2/repository/commons-codec/commons-codec/1.9/commons-codec-1.9.jar:/Users/carloscristaldo/.m2/repository/com/zebrunner/agent-testng-pluggable/1.7.0/agent-testng-pluggable-1.7.0.jar:/Users/carloscristaldo/.m2/repository/com/zebrunner/agent-core/1.7.0/agent-core-1.7.0.jar:/Users/carloscristaldo/.m2/repository/com/konghq/unirest-java/3.13.10/unirest-java-3.13.10.jar:/Users/carloscristaldo/.m2/repository/org/apache/httpcomponents/httpcore-nio/4.4.13/httpcore-nio-4.4.13.jar:/Users/carloscristaldo/.m2/repository/org/apache/httpcomponents/httpasyncclient/4.1.5/httpasyncclient-4.1.5.jar:/Users/carloscristaldo/.m2/repository/org/yaml/snakeyaml/1.30/snakeyaml-1.30.jar:/Users/carloscristaldo/.m2/repository/org/apache/logging/log4j/log4j-slf4j-impl/2.17.1/log4j-slf4j-impl-2.17.1.jar:/Users/carloscristaldo/.m2/repository/commons-io/commons-io/2.7/commons-io-2.7.jar:/Users/carloscristaldo/.m2/repository/org/seleniumhq/selenium/selenium-api/3.141.59/selenium-api-3.141.59.jar:/Users/carloscristaldo/.m2/repository/org/seleniumhq/selenium/selenium-remote-driver/3.141.59/selenium-remote-driver-3.141.59.jar:/Users/carloscristaldo/.m2/repository/com/sun/jna/jna/3.0.9/jna-3.0.9.jar:/Users/carloscristaldo/.m2/repository/io/rest-assured/rest-assured/4.3.0/rest-assured-4.3.0.jar:/Users/carloscristaldo/.m2/repository/org/codehaus/groovy/groovy/3.0.2/groovy-3.0.2.jar:/Users/carloscristaldo/.m2/repository/org/codehaus/groovy/groovy-xml/3.0.2/groovy-xml-3.0.2.jar:/Users/carloscristaldo/.m2/repository/org/apache/httpcomponents/httpmime/4.5.3/httpmime-4.5.3.jar:/Users/carloscristaldo/.m2/repository/org/hamcrest/hamcrest/2.1/hamcrest-2.1.jar:/Users/carloscristaldo/.m2/repository/org/ccil/cowan/tagsoup/tagsoup/1.2.1/tagsoup-1.2.1.jar:/Users/carloscristaldo/.m2/repository/io/rest-assured/xml-path/4.3.0/xml-path-4.3.0.jar:/Users/carloscristaldo/.m2/repository/jakarta/xml/bind/jakarta.xml.bind-api/2.3.2/jakarta.xml.bind-api-2.3.2.jar:/Users/carloscristaldo/.m2/repository/jakarta/activation/jakarta.activation-api/1.2.1/jakarta.activation-api-1.2.1.jar:/Users/carloscristaldo/.m2/repository/com/sun/xml/bind/jaxb-osgi/2.3.0.1/jaxb-osgi-2.3.0.1.jar:/Users/carloscristaldo/.m2/repository/org/apache/sling/org.apache.sling.javax.activation/0.1.0/org.apache.sling.javax.activation-0.1.0.jar:/Users/carloscristaldo/.m2/repository/io/rest-assured/json-path/4.3.0/json-path-4.3.0.jar:/Users/carloscristaldo/.m2/repository/org/codehaus/groovy/groovy-json/3.0.2/groovy-json-3.0.2.jar:/Users/carloscristaldo/.m2/repository/io/rest-assured/rest-assured-common/4.3.0/rest-assured-common-4.3.0.jar:/Users/carloscristaldo/.m2/repository/org/apache/pdfbox/pdfbox/2.0.24/pdfbox-2.0.24.jar:/Users/carloscristaldo/.m2/repository/org/apache/pdfbox/fontbox/2.0.24/fontbox-2.0.24.jar:/Users/carloscristaldo/.m2/repository/com/fasterxml/jackson/core/jackson-databind/2.11.0/jackson-databind-2.11.0.jar:/Users/carloscristaldo/.m2/repository/com/fasterxml/jackson/core/jackson-core/2.11.0/jackson-core-2.11.0.jar:/Users/carloscristaldo/.m2/repository/com/fasterxml/jackson/core/jackson-annotations/2.11.0/jackson-annotations-2.11.0.jar:/Users/carloscristaldo/.m2/repository/org/mongodb/mongo-java-driver/2.11.3/mongo-java-driver-2.11.3.jar:/Users/carloscristaldo/.m2/repository/joda-time/joda-time/2.9.9/joda-time-2.9.9.jar:/Users/carloscristaldo/.m2/repository/commons-net/commons-net/3.3/commons-net-3.3.jar:/Users/carloscristaldo/.m2/repository/org/imgscalr/imgscalr-lib/4.2/imgscalr-lib-4.2.jar:/Users/carloscristaldo/.m2/repository/com/google/code/gson/gson/2.8.9/gson-2.8.9.jar:/Users/carloscristaldo/.m2/repository/javax/xml/bind/jaxb-api/2.2.2/jaxb-api-2.2.2.jar:/Users/carloscristaldo/.m2/repository/javax/xml/stream/stax-api/1.0-2/stax-api-1.0-2.jar:/Users/carloscristaldo/.m2/repository/javax/activation/activation/1.1/activation-1.1.jar:/Users/carloscristaldo/.m2/repository/com/qaprosoft/carina-api/7.4.21/carina-api-7.4.21.jar:/Users/carloscristaldo/.m2/repository/org/apache/httpcomponents/httpclient/4.5.13/httpclient-4.5.13.jar:/Users/carloscristaldo/.m2/repository/org/apache/httpcomponents/httpcore/4.4.13/httpcore-4.4.13.jar:/Users/carloscristaldo/.m2/repository/commons-logging/commons-logging/1.2/commons-logging-1.2.jar:/Users/carloscristaldo/.m2/repository/org/apache/commons/commons-configuration2/2.7/commons-configuration2-2.7.jar:/Users/carloscristaldo/.m2/repository/org/apache/commons/commons-text/1.8/commons-text-1.8.jar:/Users/carloscristaldo/.m2/repository/org/freemarker/freemarker/2.3.31/freemarker-2.3.31.jar:/Users/carloscristaldo/.m2/repository/org/skyscreamer/jsonassert/1.5.0/jsonassert-1.5.0.jar:/Users/carloscristaldo/.m2/repository/ognl/ognl/3.3.2/ognl-3.3.2.jar:/Users/carloscristaldo/.m2/repository/org/javassist/javassist/3.28.0-GA/javassist-3.28.0-GA.jar:/Users/carloscristaldo/.m2/repository/org/xmlunit/xmlunit-assertj3/2.8.2/xmlunit-assertj3-2.8.2.jar:/Users/carloscristaldo/.m2/repository/org/xmlunit/xmlunit-core/2.8.2/xmlunit-core-2.8.2.jar:/Users/carloscristaldo/.m2/repository/org/assertj/assertj-core/3.18.1/assertj-core-3.18.1.jar:/Users/carloscristaldo/.m2/repository/io/rest-assured/json-schema-validator/4.3.0/json-schema-validator-4.3.0.jar:/Users/carloscristaldo/.m2/repository/com/github/java-json-tools/json-schema-validator/2.2.10/json-schema-validator-2.2.10.jar:/Users/carloscristaldo/.m2/repository/com/github/java-json-tools/json-schema-core/1.2.10/json-schema-core-1.2.10.jar:/Users/carloscristaldo/.m2/repository/com/github/java-json-tools/jackson-coreutils/1.9/jackson-coreutils-1.9.jar:/Users/carloscristaldo/.m2/repository/com/github/fge/msg-simple/1.1/msg-simple-1.1.jar:/Users/carloscristaldo/.m2/repository/com/github/fge/btf/1.2/btf-1.2.jar:/Users/carloscristaldo/.m2/repository/com/github/fge/uri-template/0.9/uri-template-0.9.jar:/Users/carloscristaldo/.m2/repository/org/mozilla/rhino/1.7.7.1/rhino-1.7.7.1.jar:/Users/carloscristaldo/.m2/repository/javax/mail/mailapi/1.4.3/mailapi-1.4.3.jar:/Users/carloscristaldo/.m2/repository/com/googlecode/libphonenumber/libphonenumber/8.0.0/libphonenumber-8.0.0.jar:/Users/carloscristaldo/.m2/repository/net/sf/jopt-simple/jopt-simple/5.0.3/jopt-simple-5.0.3.jar:/Users/carloscristaldo/.m2/repository/org/everit/json/org.everit.json.schema/1.5.1/org.everit.json.schema-1.5.1.jar:/Users/carloscristaldo/.m2/repository/org/json/json/20160810/json-20160810.jar:/Users/carloscristaldo/.m2/repository/com/jayway/jsonpath/json-path/2.5.0/json-path-2.5.0.jar:/Users/carloscristaldo/.m2/repository/net/minidev/json-smart/2.3/json-smart-2.3.jar:/Users/carloscristaldo/.m2/repository/net/minidev/accessors-smart/1.2/accessors-smart-1.2.jar:/Users/carloscristaldo/.m2/repository/com/qaprosoft/carina-reporting/7.4.21/carina-reporting-7.4.21.jar:/Users/carloscristaldo/.m2/repository/com/qaprosoft/carina-webdriver/7.4.21/carina-webdriver-7.4.21.jar:/Users/carloscristaldo/.m2/repository/org/seleniumhq/selenium/selenium-firefox-driver/3.141.59/selenium-firefox-driver-3.141.59.jar:/Users/carloscristaldo/.m2/repository/org/seleniumhq/selenium/selenium-chrome-driver/3.141.59/selenium-chrome-driver-3.141.59.jar:/Users/carloscristaldo/.m2/repository/ru/yandex/qatools/ashot/ashot/1.5.4/ashot-1.5.4.jar:/Users/carloscristaldo/.m2/repository/com/itextpdf/itextpdf/5.5.13.2/itextpdf-5.5.13.2.jar:/Users/carloscristaldo/.m2/repository/org/reflections/reflections/0.9.10/reflections-0.9.10.jar:/Users/carloscristaldo/.m2/repository/com/google/code/findbugs/annotations/2.0.1/annotations-2.0.1.jar:/Users/carloscristaldo/.m2/repository/com/sun/jersey/jersey-core/1.19.4/jersey-core-1.19.4.jar:/Users/carloscristaldo/.m2/repository/javax/ws/rs/jsr311-api/1.1.1/jsr311-api-1.1.1.jar:/Users/carloscristaldo/.m2/repository/org/hamcrest/hamcrest-core/1.3/hamcrest-core-1.3.jar:/Users/carloscristaldo/.m2/repository/org/hamcrest/hamcrest-all/1.3/hamcrest-all-1.3.jar:/Users/carloscristaldo/.m2/repository/com/qaprosoft/carina-appcenter/7.4.21/carina-appcenter-7.4.21.jar:/Users/carloscristaldo/.m2/repository/org/springframework/spring-web/5.3.19/spring-web-5.3.19.jar:/Users/carloscristaldo/.m2/repository/org/springframework/spring-beans/5.3.19/spring-beans-5.3.19.jar:/Users/carloscristaldo/.m2/repository/org/springframework/spring-core/5.3.19/spring-core-5.3.19.jar:/Users/carloscristaldo/.m2/repository/org/springframework/spring-jcl/5.3.19/spring-jcl-5.3.19.jar:/Users/carloscristaldo/.m2/repository/com/google/guava/guava/29.0-jre/guava-29.0-jre.jar:/Users/carloscristaldo/.m2/repository/com/google/guava/failureaccess/1.0.1/failureaccess-1.0.1.jar:/Users/carloscristaldo/.m2/repository/com/google/guava/listenablefuture/9999.0-empty-to-avoid-conflict-with-guava/listenablefuture-9999.0-empty-to-avoid-conflict-with-guava.jar:/Users/carloscristaldo/.m2/repository/com/google/errorprone/error_prone_annotations/2.3.4/error_prone_annotations-2.3.4.jar:/Users/carloscristaldo/.m2/repository/com/google/j2objc/j2objc-annotations/1.3/j2objc-annotations-1.3.jar:/Users/carloscristaldo/.m2/repository/com/qaprosoft/carina-aws-s3/7.4.21/carina-aws-s3-7.4.21.jar:/Users/carloscristaldo/.m2/repository/com/amazonaws/aws-java-sdk-core/1.11.923/aws-java-sdk-core-1.11.923.jar:/Users/carloscristaldo/.m2/repository/software/amazon/ion/ion-java/1.0.2/ion-java-1.0.2.jar:/Users/carloscristaldo/.m2/repository/com/fasterxml/jackson/dataformat/jackson-dataformat-cbor/2.6.7/jackson-dataformat-cbor-2.6.7.jar:/Users/carloscristaldo/.m2/repository/com/qaprosoft/carina-proxy/7.4.21/carina-proxy-7.4.21.jar:/Users/carloscristaldo/.m2/repository/net/lightbody/bmp/browsermob-core/2.1.5/browsermob-core-2.1.5.jar:/Users/carloscristaldo/.m2/repository/net/lightbody/bmp/littleproxy/1.1.0-beta-bmp-17/littleproxy-1.1.0-beta-bmp-17.jar:/Users/carloscristaldo/.m2/repository/dnsjava/dnsjava/2.1.8/dnsjava-2.1.8.jar:/Users/carloscristaldo/.m2/repository/org/slf4j/jcl-over-slf4j/1.7.25/jcl-over-slf4j-1.7.25.jar:/Users/carloscristaldo/.m2/repository/com/jcraft/jzlib/1.1.3/jzlib-1.1.3.jar:/Users/carloscristaldo/.m2/repository/org/bouncycastle/bcprov-jdk15on/1.58/bcprov-jdk15on-1.58.jar:/Users/carloscristaldo/.m2/repository/org/bouncycastle/bcpkix-jdk15on/1.58/bcpkix-jdk15on-1.58.jar:/Users/carloscristaldo/.m2/repository/net/lightbody/bmp/mitm/2.1.5/mitm-2.1.5.jar:/Users/carloscristaldo/.m2/repository/io/netty/netty-all/4.1.73.Final/netty-all-4.1.73.Final.jar:/Users/carloscristaldo/.m2/repository/io/netty/netty-buffer/4.1.73.Final/netty-buffer-4.1.73.Final.jar:/Users/carloscristaldo/.m2/repository/io/netty/netty-codec/4.1.73.Final/netty-codec-4.1.73.Final.jar:/Users/carloscristaldo/.m2/repository/io/netty/netty-codec-dns/4.1.73.Final/netty-codec-dns-4.1.73.Final.jar:/Users/carloscristaldo/.m2/repository/io/netty/netty-codec-haproxy/4.1.73.Final/netty-codec-haproxy-4.1.73.Final.jar:/Users/carloscristaldo/.m2/repository/io/netty/netty-codec-http/4.1.73.Final/netty-codec-http-4.1.73.Final.jar:/Users/carloscristaldo/.m2/repository/io/netty/netty-codec-http2/4.1.73.Final/netty-codec-http2-4.1.73.Final.jar:/Users/carloscristaldo/.m2/repository/io/netty/netty-codec-memcache/4.1.73.Final/netty-codec-memcache-4.1.73.Final.jar:/Users/carloscristaldo/.m2/repository/io/netty/netty-codec-mqtt/4.1.73.Final/netty-codec-mqtt-4.1.73.Final.jar:/Users/carloscristaldo/.m2/repository/io/netty/netty-codec-redis/4.1.73.Final/netty-codec-redis-4.1.73.Final.jar:/Users/carloscristaldo/.m2/repository/io/netty/netty-codec-smtp/4.1.73.Final/netty-codec-smtp-4.1.73.Final.jar:/Users/carloscristaldo/.m2/repository/io/netty/netty-codec-socks/4.1.73.Final/netty-codec-socks-4.1.73.Final.jar:/Users/carloscristaldo/.m2/repository/io/netty/netty-codec-stomp/4.1.73.Final/netty-codec-stomp-4.1.73.Final.jar:/Users/carloscristaldo/.m2/repository/io/netty/netty-codec-xml/4.1.73.Final/netty-codec-xml-4.1.73.Final.jar:/Users/carloscristaldo/.m2/repository/io/netty/netty-common/4.1.73.Final/netty-common-4.1.73.Final.jar:/Users/carloscristaldo/.m2/repository/io/netty/netty-handler/4.1.73.Final/netty-handler-4.1.73.Final.jar:/Users/carloscristaldo/.m2/repository/io/netty/netty-tcnative-classes/2.0.46.Final/netty-tcnative-classes-2.0.46.Final.jar:/Users/carloscristaldo/.m2/repository/io/netty/netty-handler-proxy/4.1.73.Final/netty-handler-proxy-4.1.73.Final.jar:/Users/carloscristaldo/.m2/repository/io/netty/netty-resolver/4.1.73.Final/netty-resolver-4.1.73.Final.jar:/Users/carloscristaldo/.m2/repository/io/netty/netty-resolver-dns/4.1.73.Final/netty-resolver-dns-4.1.73.Final.jar:/Users/carloscristaldo/.m2/repository/io/netty/netty-transport/4.1.73.Final/netty-transport-4.1.73.Final.jar:/Users/carloscristaldo/.m2/repository/io/netty/netty-transport-rxtx/4.1.73.Final/netty-transport-rxtx-4.1.73.Final.jar:/Users/carloscristaldo/.m2/repository/io/netty/netty-transport-sctp/4.1.73.Final/netty-transport-sctp-4.1.73.Final.jar:/Users/carloscristaldo/.m2/repository/io/netty/netty-transport-udt/4.1.73.Final/netty-transport-udt-4.1.73.Final.jar:/Users/carloscristaldo/.m2/repository/io/netty/netty-transport-classes-epoll/4.1.73.Final/netty-transport-classes-epoll-4.1.73.Final.jar:/Users/carloscristaldo/.m2/repository/io/netty/netty-transport-native-unix-common/4.1.73.Final/netty-transport-native-unix-common-4.1.73.Final.jar:/Users/carloscristaldo/.m2/repository/io/netty/netty-transport-classes-kqueue/4.1.73.Final/netty-transport-classes-kqueue-4.1.73.Final.jar:/Users/carloscristaldo/.m2/repository/io/netty/netty-resolver-dns-classes-macos/4.1.73.Final/netty-resolver-dns-classes-macos-4.1.73.Final.jar:/Users/carloscristaldo/.m2/repository/io/netty/netty-transport-native-epoll/4.1.73.Final/netty-transport-native-epoll-4.1.73.Final-linux-x86_64.jar:/Users/carloscristaldo/.m2/repository/io/netty/netty-transport-native-epoll/4.1.73.Final/netty-transport-native-epoll-4.1.73.Final-linux-aarch_64.jar:/Users/carloscristaldo/.m2/repository/io/netty/netty-transport-native-kqueue/4.1.73.Final/netty-transport-native-kqueue-4.1.73.Final-osx-x86_64.jar:/Users/carloscristaldo/.m2/repository/io/netty/netty-transport-native-kqueue/4.1.73.Final/netty-transport-native-kqueue-4.1.73.Final-osx-aarch_64.jar:/Users/carloscristaldo/.m2/repository/io/netty/netty-resolver-dns-native-macos/4.1.73.Final/netty-resolver-dns-native-macos-4.1.73.Final-osx-x86_64.jar:/Users/carloscristaldo/.m2/repository/io/netty/netty-resolver-dns-native-macos/4.1.73.Final/netty-resolver-dns-native-macos-4.1.73.Final-osx-aarch_64.jar:/Users/carloscristaldo/.m2/repository/org/apache/commons/commons-lang3/3.5/commons-lang3-3.5.jar:/Users/carloscristaldo/.m2/repository/commons-collections/commons-collections/3.2.2/commons-collections-3.2.2.jar:/Users/carloscristaldo/.m2/repository/org/seleniumhq/selenium/selenium-support/3.141.59/selenium-support-3.141.59.jar:/Users/carloscristaldo/.m2/repository/org/apache/commons/commons-exec/1.3/commons-exec-1.3.jar:/Users/carloscristaldo/.m2/repository/com/squareup/okhttp3/okhttp/3.11.0/okhttp-3.11.0.jar:/Users/carloscristaldo/.m2/repository/com/squareup/okio/okio/1.14.0/okio-1.14.0.jar:/Users/carloscristaldo/.m2/repository/com/amazonaws/aws-java-sdk-s3/1.11.923/aws-java-sdk-s3-1.11.923.jar:/Users/carloscristaldo/.m2/repository/org/testng/testng/7.5/testng-7.5.jar:/Users/carloscristaldo/.m2/repository/com/google/code/findbugs/jsr305/3.0.1/jsr305-3.0.1.jar:/Users/carloscristaldo/.m2/repository/com/beust/jcommander/1.78/jcommander-1.78.jar:/Users/carloscristaldo/.m2/repository/org/webjars/jquery/3.5.1/jquery-3.5.1.jar:/Users/carloscristaldo/.m2/repository/com/nordstrom/tools/testng-foundation/2.0.1/testng-foundation-2.0.1.jar:/Users/carloscristaldo/.m2/repository/com/nordstrom/tools/java-utils/1.9.3/java-utils-1.9.3.jar:/Users/carloscristaldo/.m2/repository/com/nordstrom/tools/settings/2.3.3/settings-2.3.3.jar:/Users/carloscristaldo/.m2/repository/commons-beanutils/commons-beanutils/1.9.4/commons-beanutils-1.9.4.jar:/Users/carloscristaldo/.m2/repository/io/appium/java-client/7.6.0/java-client-7.6.0.jar:/Users/carloscristaldo/.m2/repository/org/seleniumhq/selenium/selenium-java/3.141.59/selenium-java-3.141.59.jar:/Users/carloscristaldo/.m2/repository/org/seleniumhq/selenium/selenium-edge-driver/3.141.59/selenium-edge-driver-3.141.59.jar:/Users/carloscristaldo/.m2/repository/org/seleniumhq/selenium/selenium-ie-driver/3.141.59/selenium-ie-driver-3.141.59.jar:/Users/carloscristaldo/.m2/repository/org/seleniumhq/selenium/selenium-opera-driver/3.141.59/selenium-opera-driver-3.141.59.jar:/Users/carloscristaldo/.m2/repository/org/seleniumhq/selenium/selenium-safari-driver/3.141.59/selenium-safari-driver-3.141.59.jar:/Users/carloscristaldo/.m2/repository/cglib/cglib/3.3.0/cglib-3.3.0.jar:/Users/carloscristaldo/.m2/repository/org/ow2/asm/asm/7.1/asm-7.1.jar:/Users/carloscristaldo/.m2/repository/commons-validator/commons-validator/1.7/commons-validator-1.7.jar:/Users/carloscristaldo/.m2/repository/commons-digester/commons-digester/2.1/commons-digester-2.1.jar:/Users/carloscristaldo/.m2/repository/org/aspectj/aspectjweaver/1.9.7/aspectjweaver-1.9.7.jar:/Users/carloscristaldo/.m2/repository/com/qaprosoft/carina-azure/7.4.21/carina-azure-7.4.21.jar:/Users/carloscristaldo/.m2/repository/com/azure/azure-storage-blob/12.7.0/azure-storage-blob-12.7.0.jar:/Users/carloscristaldo/.m2/repository/com/azure/azure-core/1.5.1/azure-core-1.5.1.jar:/Users/carloscristaldo/.m2/repository/com/fasterxml/jackson/datatype/jackson-datatype-jsr310/2.10.1/jackson-datatype-jsr310-2.10.1.jar:/Users/carloscristaldo/.m2/repository/com/fasterxml/jackson/dataformat/jackson-dataformat-xml/2.10.1/jackson-dataformat-xml-2.10.1.jar:/Users/carloscristaldo/.m2/repository/com/fasterxml/jackson/module/jackson-module-jaxb-annotations/2.10.1/jackson-module-jaxb-annotations-2.10.1.jar:/Users/carloscristaldo/.m2/repository/org/codehaus/woodstox/stax2-api/4.2/stax2-api-4.2.jar:/Users/carloscristaldo/.m2/repository/com/fasterxml/woodstox/woodstox-core/6.0.2/woodstox-core-6.0.2.jar:/Users/carloscristaldo/.m2/repository/io/projectreactor/reactor-core/3.3.5.RELEASE/reactor-core-3.3.5.RELEASE.jar:/Users/carloscristaldo/.m2/repository/org/reactivestreams/reactive-streams/1.0.3/reactive-streams-1.0.3.jar:/Users/carloscristaldo/.m2/repository/io/netty/netty-tcnative-boringssl-static/2.0.29.Final/netty-tcnative-boringssl-static-2.0.29.Final.jar:/Users/carloscristaldo/.m2/repository/com/azure/azure-storage-common/12.7.0/azure-storage-common-12.7.0.jar:/Users/carloscristaldo/.m2/repository/com/azure/azure-core-http-netty/1.5.2/azure-core-http-netty-1.5.2.jar:/Users/carloscristaldo/.m2/repository/io/projectreactor/netty/reactor-netty/0.9.7.RELEASE/reactor-netty-0.9.7.RELEASE.jar:/Users/carloscristaldo/.m2/repository/org/slf4j/slf4j-api/1.7.30/slf4j-api-1.7.30.jar:/Users/carloscristaldo/.m2/repository/org/apache/logging/log4j/log4j-api/2.17.1/log4j-api-2.17.1.jar:/Users/carloscristaldo/.m2/repository/org/apache/logging/log4j/log4j-core/2.17.1/log4j-core-2.17.1.jar:/Users/carloscristaldo/.m2/repository/net/bytebuddy/byte-buddy/1.10.18/byte-buddy-1.10.18.jar:/Users/carloscristaldo/.m2/repository/org/mybatis/mybatis/3.5.6/mybatis-3.5.6.jar:/Users/carloscristaldo/.m2/repository/org/postgresql/postgresql/42.3.3/postgresql-42.3.3.jar:/Users/carloscristaldo/.m2/repository/org/checkerframework/checker-qual/3.5.0/checker-qual-3.5.0.jar:"/>
    <property name="sun.cpu.endian" value="little"/>
    <property name="user.home" value="/Users/carloscristaldo"/>
    <property name="user.language" value="en"/>
    <property name="java.specification.vendor" value="Oracle Corporation"/>
    <property name="java.version.date" value="2022-04-19"/>
    <property name="java.home" value="/Library/Java/JavaVirtualMachines/jdk-18.0.1.jdk/Contents/Home"/>
    <property name="file.separator" value="/"/>
    <property name="basedir" value="/Users/carloscristaldo/demoblazeid"/>
    <property name="java.vm.compressedOopsMode" value="Zero based"/>
    <property name="line.separator" value="&#10;"/>
    <property name="java.vm.specification.vendor" value="Oracle Corporation"/>
    <property name="java.specification.name" value="Java Platform API Specification"/>
    <property name="apple.awt.application.name" value="ForkedBooter"/>
    <property name="sun.management.compiler" value="HotSpot 64-Bit Tiered Compilers"/>
    <property name="ftp.nonProxyHosts" value="local|*.local|169.254/16|*.169.254/16"/>
    <property name="java.runtime.version" value="18.0.1+10-24"/>
    <property name="user.name" value="carloscristaldo"/>
    <property name="path.separator" value=":"/>
    <property name="os.version" value="12.4"/>
    <property name="java.runtime.name" value="Java(TM) SE Runtime Environment"/>
    <property name="file.encoding" value="UTF-8"/>
    <property name="java.vm.name" value="Java HotSpot(TM) 64-Bit Server VM"/>
    <property name="localRepository" value="/Users/carloscristaldo/.m2/repository"/>
    <property name="java.vendor.url.bug" value="https://bugreport.java.com/bugreport/"/>
    <property name="java.io.tmpdir" value="/var/folders/j0/1ql5njzj59j0pt13kwmbznbc0000gp/T/"/>
    <property name="java.version" value="18.0.1"/>
    <property name="user.dir" value="/Users/carloscristaldo/demoblazeid"/>
    <property name="os.arch" value="aarch64"/>
    <property name="java.vm.specification.name" value="Java Virtual Machine Specification"/>
    <property name="native.encoding" value="UTF-8"/>
    <property name="java.library.path" value="/Users/carloscristaldo/Library/Java/Extensions:/Library/Java/Extensions:/Network/Library/Java/Extensions:/System/Library/Java/Extensions:/usr/lib/java:."/>
    <property name="suite" value="api"/>
    <property name="java.vm.info" value="mixed mode, sharing"/>
    <property name="java.vendor" value="Oracle Corporation"/>
    <property name="java.vm.version" value="18.0.1+10-24"/>
    <property name="sun.io.unicode.encoding" value="UnicodeBig"/>
    <property name="socksNonProxyHosts" value="local|*.local|169.254/16|*.169.254/16"/>
    <property name="java.class.version" value="62.0"/>
  </properties>
  <testcase name="testDeleteUsers" classname="demoblazegroup.carina.demo.APISampleTest" time="1.373">
    <system-out><![CDATA[2022-06-23 20:45:50 CarinaListener [main] [INFO] 
============= Test configuration =============
url=https://www.gsmarena.com
env=DEMO
max_driver_count=3
proxy_protocols=http,https,ftp
browsermob_port=0
auto_screenshot=true
allow_fullsize_screenshot=false
explicit_timeout=20
retry_interval=100
project_report_directory=./reports
max_screen_history=10
big_screen_width=-1
big_screen_height=-1
init_retry_count=0
init_retry_interval=1
retry_count=0
locale=en_US
thread_count=-1
data_provider_thread_count=-1
core_log_level=INFO
log_all_json=true
date_format=HH:mm:ss yyyy-MM-dd
time_format=HH:mm:ss
test_naming_pattern={method_name}
element_loading_strategy=BY_PRESENCE_OR_VISIBILITY
page_opening_strategy=BY_URL_AND_ELEMENT
localization_encoding=UTF-8
localization_testing=false
default_device_timezone=GMT
default_device_time_format=24
default_device_language=en_US
selenium_url=

------------- Driver capabilities -----------
================================================

2022-06-23 20:45:50 TestRunRegistrar [main-1] [WARN] Reporting disabled: using no op test run registrar
2022-06-23 20:45:50 Reflections [main-1] [INFO] Reflections took 439 ms to scan 8 urls, producing 2379 keys and 11611 values 
2022-06-23 20:45:50 Configuration [main-1] [INFO] Updated mobile app: 
2022-06-23 20:45:50 CarinaListener [main-1] [INFO] Use thread-count='5' from suite file.
2022-06-23 20:45:50 CarinaListener [main-1] [INFO] Set data-provider-thread-count=1
2022-06-23 20:45:50 CarinaListener [main-1] [INFO] CARINA_CORE_VERSION: 7.4.21
2022-06-23 20:45:50 TestRunRegistrar [TestNG-test=User API tests-1] [WARN] Reporting disabled: using no op test run registrar
2022-06-23 20:45:50 Messager [TestNG-test=User API tests-1-25] [INFO] TEST [User API tests - testCreateUser] STARTED at [20:45:50 2022-06-23]
2022-06-23 20:45:50 TestRunRegistrar [TestNG-test=User API tests-4] [WARN] Reporting disabled: using no op test run registrar
2022-06-23 20:45:50 Messager [TestNG-test=User API tests-4-28] [INFO] TEST [User API tests - testGetUsers] STARTED at [20:45:50 2022-06-23]
2022-06-23 20:45:50 APISampleTest [TestNG-test=User API tests-1-25] [INFO] test
2022-06-23 20:45:50 TestRunRegistrar [TestNG-test=User API tests-2] [WARN] Reporting disabled: using no op test run registrar
2022-06-23 20:45:50 Messager [TestNG-test=User API tests-2-26] [INFO] TEST [User API tests - testCreateUserMissingSomeFields] STARTED at [20:45:50 2022-06-23]
2022-06-23 20:45:50 TestRunRegistrar [TestNG-test=User API tests-3] [WARN] Reporting disabled: using no op test run registrar
2022-06-23 20:45:50 Messager [TestNG-test=User API tests-3-27] [INFO] TEST [User API tests - testDeleteUsers] STARTED at [20:45:50 2022-06-23]
2022-06-23 20:45:50 AbstractApiMethodV2 [TestNG-test=User API tests-3-27] [INFO] Base properties loaded: api/users/user.properties
2022-06-23 20:45:50 AbstractApiMethodV2 [TestNG-test=User API tests-1-25] [INFO] Base properties loaded: api/users/user.properties
2022-06-23 20:45:50 AbstractApiMethodV2 [TestNG-test=User API tests-2-26] [INFO] Base properties loaded: api/users/user.properties
2022-06-23 20:45:50 AbstractApiMethodV2 [TestNG-test=User API tests-1-25] [INFO] Base properties loaded: api/users/user.properties
2022-06-23 20:45:51 AbstractApiMethod [TestNG-test=User API tests-4-28] [INFO] Request method:	GET
Request URI:	https://jsonplaceholder.typicode.com/users
Request params:	<none>
Query params:	<none>
Form params:	<none>
Path params:	<none>
Multiparts:		<none>
Cookies:		<none>
Headers:		Accept=*/*
				Content-Type=application/json; charset=UTF-8
Body:			<none>
HTTP/1.1 200 OK
Date: Thu, 23 Jun 2022 23:45:51 GMT
Content-Type: application/json; charset=utf-8
Transfer-Encoding: chunked
Connection: keep-alive
X-Powered-By: Express
X-Ratelimit-Limit: 1000
X-Ratelimit-Remaining: 999
X-Ratelimit-Reset: 1646104598
Vary: Origin, Accept-Encoding
Access-Control-Allow-Credentials: true
Cache-Control: max-age=43200
Pragma: no-cache
Expires: -1
X-Content-Type-Options: nosniff
Etag: W/"160d-1eMSsxeJRfnVLRBmYJSbCiJZ1qQ"
Content-Encoding: gzip
Via: 1.1 vegur
CF-Cache-Status: HIT
Age: 8815
Expect-CT: max-age=604800, report-uri="https://report-uri.cloudflare.com/cdn-cgi/beacon/expect-ct"
Report-To: {"endpoints":[{"url":"https:\/\/a.nel.cloudflare.com\/report\/v3?s=p78X8%2FOC7uJP0HiDSoTaJ%2BvgXt3VeQyM2nY99nH1Lc0HDgkvKzzy4CeJ7F8rKsAyBkqIKdiM0ZVIFs2o2e8whmMdMp%2FyK8reY%2BT%2B%2F%2BSucXMjikubnDrLwQlsXi2cEI2wAVgSL2GPjpUpn2MPKfWr"}],"group":"cf-nel","max_age":604800}
NEL: {"success_fraction":0,"report_to":"cf-nel","max_age":604800}
Server: cloudflare
CF-RAY: 7201198adb679aba-MIA
alt-svc: h3=":443"; ma=86400, h3-29=":443"; ma=86400

[
    {
        "id": 1,
        "name": "Leanne Graham",
        "username": "Bret",
        "email": "Sincere@april.biz",
        "address": {
            "street": "Kulas Light",
            "suite": "Apt. 556",
            "city": "Gwenborough",
            "zipcode": "92998-3874",
            "geo": {
                "lat": "-37.3159",
                "lng": "81.1496"
            }
        },
        "phone": "1-770-736-8031 x56442",
        "website": "hildegard.org",
        "company": {
            "name": "Romaguera-Crona",
            "catchPhrase": "Multi-layered client-server neural-net",
            "bs": "harness real-time e-markets"
        }
    },
    {
        "id": 2,
        "name": "Ervin Howell",
        "username": "Antonette",
        "email": "Shanna@melissa.tv",
        "address": {
            "street": "Victor Plains",
            "suite": "Suite 879",
            "city": "Wisokyburgh",
            "zipcode": "90566-7771",
            "geo": {
                "lat": "-43.9509",
                "lng": "-34.4618"
            }
        },
        "phone": "010-692-6593 x09125",
        "website": "anastasia.net",
        "company": {
            "name": "Deckow-Crist",
            "catchPhrase": "Proactive didactic contingency",
            "bs": "synergize scalable supply-chains"
        }
    },
    {
        "id": 3,
        "name": "Clementine Bauch",
        "username": "Samantha",
        "email": "Nathan@yesenia.net",
        "address": {
            "street": "Douglas Extension",
            "suite": "Suite 847",
            "city": "McKenziehaven",
            "zipcode": "59590-4157",
            "geo": {
                "lat": "-68.6102",
                "lng": "-47.0653"
            }
        },
        "phone": "1-463-123-4447",
        "website": "ramiro.info",
        "company": {
            "name": "Romaguera-Jacobson",
            "catchPhrase": "Face to face bifurcated interface",
            "bs": "e-enable strategic applications"
        }
    },
    {
        "id": 4,
        "name": "Patricia Lebsack",
        "username": "Karianne",
        "email": "Julianne.OConner@kory.org",
        "address": {
            "street": "Hoeger Mall",
            "suite": "Apt. 692",
            "city": "South Elvis",
            "zipcode": "53919-4257",
            "geo": {
                "lat": "29.4572",
                "lng": "-164.2990"
            }
        },
        "phone": "493-170-9623 x156",
        "website": "kale.biz",
        "company": {
            "name": "Robel-Corkery",
            "catchPhrase": "Multi-tiered zero tolerance productivity",
            "bs": "transition cutting-edge web services"
        }
    },
    {
        "id": 5,
        "name": "Chelsey Dietrich",
        "username": "Kamren",
        "email": "Lucio_Hettinger@annie.ca",
        "address": {
            "street": "Skiles Walks",
            "suite": "Suite 351",
            "city": "Roscoeview",
            "zipcode": "33263",
            "geo": {
                "lat": "-31.8129",
                "lng": "62.5342"
            }
        },
        "phone": "(254)954-1289",
        "website": "demarco.info",
        "company": {
            "name": "Keebler LLC",
            "catchPhrase": "User-centric fault-tolerant solution",
            "bs": "revolutionize end-to-end systems"
        }
    },
    {
        "id": 6,
        "name": "Mrs. Dennis Schulist",
        "username": "Leopoldo_Corkery",
        "email": "Karley_Dach@jasper.info",
        "address": {
            "street": "Norberto Crossing",
            "suite": "Apt. 950",
            "city": "South Christy",
            "zipcode": "23505-1337",
            "geo": {
                "lat": "-71.4197",
                "lng": "71.7478"
            }
        },
        "phone": "1-477-935-8478 x6430",
        "website": "ola.org",
        "company": {
            "name": "Considine-Lockman",
            "catchPhrase": "Synchronised bottom-line interface",
            "bs": "e-enable innovative applications"
        }
    },
    {
        "id": 7,
        "name": "Kurtis Weissnat",
        "username": "Elwyn.Skiles",
        "email": "Telly.Hoeger@billy.biz",
        "address": {
            "street": "Rex Trail",
            "suite": "Suite 280",
            "city": "Howemouth",
            "zipcode": "58804-1099",
            "geo": {
                "lat": "24.8918",
                "lng": "21.8984"
            }
        },
        "phone": "210.067.6132",
        "website": "elvis.io",
        "company": {
            "name": "Johns Group",
            "catchPhrase": "Configurable multimedia task-force",
            "bs": "generate enterprise e-tailers"
        }
    },
    {
        "id": 8,
        "name": "Nicholas Runolfsdottir V",
        "username": "Maxime_Nienow",
        "email": "Sherwood@rosamond.me",
        "address": {
            "street": "Ellsworth Summit",
            "suite": "Suite 729",
            "city": "Aliyaview",
            "zipcode": "45169",
            "geo": {
                "lat": "-14.3990",
                "lng": "-120.7677"
            }
        },
        "phone": "586.493.6943 x140",
        "website": "jacynthe.com",
        "company": {
            "name": "Abernathy Group",
            "catchPhrase": "Implemented secondary concept",
            "bs": "e-enable extensible e-tailers"
        }
    },
    {
        "id": 9,
        "name": "Glenna Reichert",
        "username": "Delphine",
        "email": "Chaim_McDermott@dana.io",
        "address": {
            "street": "Dayna Park",
            "suite": "Suite 449",
            "city": "Bartholomebury",
            "zipcode": "76495-3109",
            "geo": {
                "lat": "24.6463",
                "lng": "-168.8889"
            }
        },
        "phone": "(775)976-6794 x41206",
        "website": "conrad.com",
        "company": {
            "name": "Yost and Sons",
            "catchPhrase": "Switchable contextually-based project",
            "bs": "aggregate real-time technologies"
        }
    },
    {
        "id": 10,
        "name": "Clementina DuBuque",
        "username": "Moriah.Stanton",
        "email": "Rey.Padberg@karina.biz",
        "address": {
            "street": "Kattie Turnpike",
            "suite": "Suite 198",
            "city": "Lebsackbury",
            "zipcode": "31428-2261",
            "geo": {
                "lat": "-38.2386",
                "lng": "57.2232"
            }
        },
        "phone": "024-648-3804",
        "website": "ambrose.net",
        "company": {
            "name": "Hoeger LLC",
            "catchPhrase": "Centralized empowering task-force",
            "bs": "target end-to-end models"
        }
    }
]

2022-06-23 20:45:51 JsonValidator [TestNG-test=User API tests-4-28] [INFO] JSON schema of version below or equal to draft-04 was detected
2022-06-23 20:45:51 APIMethodPoller [TestNG-test=User API tests-1-25] [INFO] Request method:	POST
Request URI:	https://jsonplaceholder.typicode.com/users
Request params:	<none>
Query params:	<none>
Form params:	<none>
Path params:	<none>
Multiparts:		<none>
Cookies:		<none>
Headers:		Accept=*/*
				Content-Type=application/json; charset=UTF-8
Body:
[
    {
        "id": 1,
        "name": "Leanne Graham",
        "username": "gjjkcgdf",
        "email": "Sincere@april.biz",
        "address": {
            "street": "Kulas Light",
            "suite": "Apt. 556",
            "city": "Gwenborough",
            "zipcode": "92998-3874",
            "geo": {
                "lat": "-37.3159",
                "lng": "81.1496"
            }
        },
        "phone": "1-770-736-8031 x56442",
        "website": "hildegard.org",
        "company": {
            "name": "hmiqpunt",
            "catchPhrase": "Multi-layered client-server neural-net",
            "bs": "harness real-time e-markets"
        }
    }
]
HTTP/1.1 201 Created
Date: Thu, 23 Jun 2022 23:45:51 GMT
Content-Type: application/json; charset=utf-8
Content-Length: 573
Connection: keep-alive
X-Powered-By: Express
X-Ratelimit-Limit: 1000
X-Ratelimit-Remaining: 999
X-Ratelimit-Reset: 1656027990
Vary: Origin, X-HTTP-Method-Override, Accept-Encoding
Access-Control-Allow-Credentials: true
Cache-Control: no-cache
Pragma: no-cache
Expires: -1
Access-Control-Expose-Headers: Location
Location: http://jsonplaceholder.typicode.com/users/11
X-Content-Type-Options: nosniff
Etag: W/"23d-1Ya6U8Flnq3OZy/7L0DNe0nBNOQ"
Via: 1.1 vegur
CF-Cache-Status: DYNAMIC
Expect-CT: max-age=604800, report-uri="https://report-uri.cloudflare.com/cdn-cgi/beacon/expect-ct"
Report-To: {"endpoints":[{"url":"https:\/\/a.nel.cloudflare.com\/report\/v3?s=R1BXYF8acRp%2B1mVSR7c51R1i%2F0HAsXBi4bTUXpkIum0mo30BpCl91YN7qhY65y6MGjvpOAmI4Ez1Y4mNaV26QGdTOMD45n74EMjtjm5pzc8bUdNAxpz0cbqIbLaHJnbCGwd7nAK6wDS4PzilWRtW"}],"group":"cf-nel","max_age":604800}
NEL: {"success_fraction":0,"report_to":"cf-nel","max_age":604800}
Server: cloudflare
CF-RAY: 7201198adff4b3c7-MIA
alt-svc: h3=":443"; ma=86400, h3-29=":443"; ma=86400

{
    "0": {
        "id": 1,
        "name": "Leanne Graham",
        "username": "gjjkcgdf",
        "email": "Sincere@april.biz",
        "address": {
            "street": "Kulas Light",
            "suite": "Apt. 556",
            "city": "Gwenborough",
            "zipcode": "92998-3874",
            "geo": {
                "lat": "-37.3159",
                "lng": "81.1496"
            }
        },
        "phone": "1-770-736-8031 x56442",
        "website": "hildegard.org",
        "company": {
            "name": "hmiqpunt",
            "catchPhrase": "Multi-layered client-server neural-net",
            "bs": "harness real-time e-markets"
        }
    },
    "id": 11
}

2022-06-23 20:45:51 AbstractApiMethod [TestNG-test=User API tests-3-27] [INFO] Request method:	DELETE
Request URI:	https://jsonplaceholder.typicode.com/users/1
Request params:	<none>
Query params:	<none>
Form params:	<none>
Path params:	<none>
Multiparts:		<none>
Cookies:		<none>
Headers:		Accept=*/*
				Content-Type=application/json; charset=UTF-8
Body:
[
    {
        "id": 1,
        "name": "Leanne Graham",
        "username": "knkrryvx",
        "email": "Sincere@april.biz",
        "address": {
            "street": "Kulas Light",
            "suite": "Apt. 556",
            "city": "Gwenborough",
            "zipcode": "92998-3874",
            "geo": {
                "lat": "-37.3159",
                "lng": "81.1496"
            }
        },
        "phone": "1-770-736-8031 x56442",
        "website": "hildegard.org",
        "company": {
            "name": "fllqqrpu",
            "catchPhrase": "Multi-layered client-server neural-net",
            "bs": "harness real-time e-markets"
        }
    },
    {
        "id": 2,
        "name": "Leanne Graham",
        "username": "knkrryvx",
        "email": "Sincere@april.biz",
        "address": {
            "street": "Kulas Light",
            "suite": "Apt. 556",
            "city": "Gwenborough",
            "zipcode": "92998-3874",
            "geo": {
                "lat": "-37.3159",
                "lng": "81.1496"
            }
        },
        "phone": "1-770-736-8031 x56442",
        "website": "hildegard.org",
        "company": {
            "name": "fllqqrpu",
            "catchPhrase": "Multi-layered client-server neural-net",
            "bs": "harness real-time e-markets"
        }
    }
]
HTTP/1.1 200 OK
Date: Thu, 23 Jun 2022 23:45:51 GMT
Content-Type: application/json; charset=utf-8
Content-Length: 2
Connection: keep-alive
X-Powered-By: Express
X-Ratelimit-Limit: 1000
X-Ratelimit-Remaining: 998
X-Ratelimit-Reset: 1656027990
Vary: Origin, Accept-Encoding
Access-Control-Allow-Credentials: true
Cache-Control: no-cache
Pragma: no-cache
Expires: -1
X-Content-Type-Options: nosniff
Etag: W/"2-vyGp6PvFo4RvsFtPoIWeCReyIC8"
Via: 1.1 vegur
CF-Cache-Status: DYNAMIC
Expect-CT: max-age=604800, report-uri="https://report-uri.cloudflare.com/cdn-cgi/beacon/expect-ct"
Report-To: {"endpoints":[{"url":"https:\/\/a.nel.cloudflare.com\/report\/v3?s=YyzlcRMMKTmuHk0dejOoOwKV9LMYQd%2FJtldKDg%2BmJXd85GuWg%2B7Uis43U71%2BVanlP1dOMjYstI4kmyyFXQ3omx1HhBR3D3Xnv8MqtWVwFuz7hFJxxSuho6pohsYy4OMtrY30m7JRXnYO862zvDce"}],"group":"cf-nel","max_age":604800}
NEL: {"success_fraction":0,"report_to":"cf-nel","max_age":604800}
Server: cloudflare
CF-RAY: 7201198adbaf6de3-MIA
alt-svc: h3=":443"; ma=86400, h3-29=":443"; ma=86400

{
    
}

2022-06-23 20:45:51 AbstractApiMethod [TestNG-test=User API tests-2-26] [INFO] Request method:	POST
Request URI:	https://jsonplaceholder.typicode.com/users
Request params:	<none>
Query params:	<none>
Form params:	<none>
Path params:	<none>
Multiparts:		<none>
Cookies:		<none>
Headers:		Accept=*/*
				Content-Type=application/json; charset=UTF-8
Body:
[
    {
        "id": 1,
        "email": "Sincere@april.biz",
        "address": {
            "street": "Kulas Light",
            "suite": "Apt. 556",
            "city": "Gwenborough",
            "zipcode": "92998-3874",
            "geo": {
                "lat": "-37.3159",
                "lng": "81.1496"
            }
        },
        "phone": "1-770-736-8031 x56442",
        "website": "hildegard.org",
        "company": {
            "name": "pqpvqslr",
            "catchPhrase": "Multi-layered client-server neural-net",
            "bs": "harness real-time e-markets"
        }
    }
]
HTTP/1.1 201 Created
Date: Thu, 23 Jun 2022 23:45:51 GMT
Content-Type: application/json; charset=utf-8
Content-Length: 516
Connection: keep-alive
X-Powered-By: Express
X-Ratelimit-Limit: 1000
X-Ratelimit-Remaining: 997
X-Ratelimit-Reset: 1656027990
Vary: Origin, X-HTTP-Method-Override, Accept-Encoding
Access-Control-Allow-Credentials: true
Cache-Control: no-cache
Pragma: no-cache
Expires: -1
Access-Control-Expose-Headers: Location
Location: http://jsonplaceholder.typicode.com/users/11
X-Content-Type-Options: nosniff
Etag: W/"204-t+IIWZQgL2sPvdTNdkBL9czmUhA"
Via: 1.1 vegur
CF-Cache-Status: DYNAMIC
Expect-CT: max-age=604800, report-uri="https://report-uri.cloudflare.com/cdn-cgi/beacon/expect-ct"
Report-To: {"endpoints":[{"url":"https:\/\/a.nel.cloudflare.com\/report\/v3?s=15vNYbCYr9MvZ%2ByByqTS8ASutPX2yXWEa%2FOk08%2FIZIqdxLndO8FDgRW%2FLbGZBnd%2Fu87G9tJ8NUGRJREKPZFaJVqxoKO7W4Nwf1UVJkPlSGeTGAXlbQXBU0j8qpCQR8KBEdujqqturBvoDWHRCyEp"}],"group":"cf-nel","max_age":604800}
NEL: {"success_fraction":0,"report_to":"cf-nel","max_age":604800}
Server: cloudflare
CF-RAY: 7201198ad87b6db0-MIA
alt-svc: h3=":443"; ma=86400, h3-29=":443"; ma=86400

{
    "0": {
        "id": 1,
        "email": "Sincere@april.biz",
        "address": {
            "street": "Kulas Light",
            "suite": "Apt. 556",
            "city": "Gwenborough",
            "zipcode": "92998-3874",
            "geo": {
                "lat": "-37.3159",
                "lng": "81.1496"
            }
        },
        "phone": "1-770-736-8031 x56442",
        "website": "hildegard.org",
        "company": {
            "name": "pqpvqslr",
            "catchPhrase": "Multi-layered client-server neural-net",
            "bs": "harness real-time e-markets"
        }
    },
    "id": 11
}

2022-06-23 20:45:51 Messager [TestNG-test=User API tests-3-27] [INFO] TEST [User API tests - testDeleteUsers] PASSED at [20:45:51 2022-06-23]
]]></system-out>
  </testcase>
  <testcase name="testCreateUserMissingSomeFields" classname="demoblazegroup.carina.demo.APISampleTest" time="1.373">
    <system-out><![CDATA[2022-06-23 20:45:51 Messager [TestNG-test=User API tests-2-26] [INFO] TEST [User API tests - testCreateUserMissingSomeFields] PASSED at [20:45:51 2022-06-23]
]]></system-out>
  </testcase>
  <testcase name="testGetUsers" classname="demoblazegroup.carina.demo.APISampleTest" time="1.494">
    <system-out><![CDATA[2022-06-23 20:45:52 JsonValidator [TestNG-test=User API tests-4-28] [INFO] Validation against Json schema successfully passed
2022-06-23 20:45:52 Messager [TestNG-test=User API tests-4-28] [INFO] TEST [User API tests - testGetUsers] PASSED at [20:45:52 2022-06-23]
]]></system-out>
  </testcase>
  <testcase name="testCreateUser" classname="demoblazegroup.carina.demo.APISampleTest" time="6.264">
    <system-out><![CDATA[2022-06-23 20:45:53 APIMethodPoller [TestNG-test=User API tests-1-25] [INFO] Request method:	POST
Request URI:	https://jsonplaceholder.typicode.com/users
Request params:	<none>
Query params:	<none>
Form params:	<none>
Path params:	<none>
Multiparts:		<none>
Cookies:		<none>
Headers:		Accept=*/*
				Content-Type=application/json; charset=UTF-8
Body:
[
    {
        "id": 1,
        "name": "Leanne Graham",
        "username": "gjjkcgdf",
        "email": "Sincere@april.biz",
        "address": {
            "street": "Kulas Light",
            "suite": "Apt. 556",
            "city": "Gwenborough",
            "zipcode": "92998-3874",
            "geo": {
                "lat": "-37.3159",
                "lng": "81.1496"
            }
        },
        "phone": "1-770-736-8031 x56442",
        "website": "hildegard.org",
        "company": {
            "name": "hmiqpunt",
            "catchPhrase": "Multi-layered client-server neural-net",
            "bs": "harness real-time e-markets"
        }
    }
]
HTTP/1.1 201 Created
Date: Thu, 23 Jun 2022 23:45:53 GMT
Content-Type: application/json; charset=utf-8
Content-Length: 573
Connection: keep-alive
X-Powered-By: Express
X-Ratelimit-Limit: 1000
X-Ratelimit-Remaining: 996
X-Ratelimit-Reset: 1656027990
Vary: Origin, X-HTTP-Method-Override, Accept-Encoding
Access-Control-Allow-Credentials: true
Cache-Control: no-cache
Pragma: no-cache
Expires: -1
Access-Control-Expose-Headers: Location
Location: http://jsonplaceholder.typicode.com/users/11
X-Content-Type-Options: nosniff
Etag: W/"23d-1Ya6U8Flnq3OZy/7L0DNe0nBNOQ"
Via: 1.1 vegur
CF-Cache-Status: DYNAMIC
Expect-CT: max-age=604800, report-uri="https://report-uri.cloudflare.com/cdn-cgi/beacon/expect-ct"
Report-To: {"endpoints":[{"url":"https:\/\/a.nel.cloudflare.com\/report\/v3?s=6bdRyFX5VlkUaBFddahAN65%2FmUPxCAurq5MldLIzTJb63VPT6QPtX47ocBTvbpymX4zNqPPJiFSjsyTD3iTP3QoLrfzJX9WB0EVW98ZWhAfj%2B4wut%2B1YjialXlidrULPKQwUjRzptjIjMUB6HIln"}],"group":"cf-nel","max_age":604800}
NEL: {"success_fraction":0,"report_to":"cf-nel","max_age":604800}
Server: cloudflare
CF-RAY: 72011994fec6030a-MIA
alt-svc: h3=":443"; ma=86400, h3-29=":443"; ma=86400

{
    "0": {
        "id": 1,
        "name": "Leanne Graham",
        "username": "gjjkcgdf",
        "email": "Sincere@april.biz",
        "address": {
            "street": "Kulas Light",
            "suite": "Apt. 556",
            "city": "Gwenborough",
            "zipcode": "92998-3874",
            "geo": {
                "lat": "-37.3159",
                "lng": "81.1496"
            }
        },
        "phone": "1-770-736-8031 x56442",
        "website": "hildegard.org",
        "company": {
            "name": "hmiqpunt",
            "catchPhrase": "Multi-layered client-server neural-net",
            "bs": "harness real-time e-markets"
        }
    },
    "id": 11
}

2022-06-23 20:45:55 APIMethodPoller [TestNG-test=User API tests-1-25] [INFO] Request method:	POST
Request URI:	https://jsonplaceholder.typicode.com/users
Request params:	<none>
Query params:	<none>
Form params:	<none>
Path params:	<none>
Multiparts:		<none>
Cookies:		<none>
Headers:		Accept=*/*
				Content-Type=application/json; charset=UTF-8
Body:
[
    {
        "id": 1,
        "name": "Leanne Graham",
        "username": "gjjkcgdf",
        "email": "Sincere@april.biz",
        "address": {
            "street": "Kulas Light",
            "suite": "Apt. 556",
            "city": "Gwenborough",
            "zipcode": "92998-3874",
            "geo": {
                "lat": "-37.3159",
                "lng": "81.1496"
            }
        },
        "phone": "1-770-736-8031 x56442",
        "website": "hildegard.org",
        "company": {
            "name": "hmiqpunt",
            "catchPhrase": "Multi-layered client-server neural-net",
            "bs": "harness real-time e-markets"
        }
    }
]
HTTP/1.1 201 Created
Date: Thu, 23 Jun 2022 23:45:55 GMT
Content-Type: application/json; charset=utf-8
Content-Length: 573
Connection: keep-alive
X-Powered-By: Express
X-Ratelimit-Limit: 1000
X-Ratelimit-Remaining: 995
X-Ratelimit-Reset: 1656027990
Vary: Origin, X-HTTP-Method-Override, Accept-Encoding
Access-Control-Allow-Credentials: true
Cache-Control: no-cache
Pragma: no-cache
Expires: -1
Access-Control-Expose-Headers: Location
Location: http://jsonplaceholder.typicode.com/users/11
X-Content-Type-Options: nosniff
Etag: W/"23d-1Ya6U8Flnq3OZy/7L0DNe0nBNOQ"
Via: 1.1 vegur
CF-Cache-Status: DYNAMIC
Expect-CT: max-age=604800, report-uri="https://report-uri.cloudflare.com/cdn-cgi/beacon/expect-ct"
Report-To: {"endpoints":[{"url":"https:\/\/a.nel.cloudflare.com\/report\/v3?s=RMtID6oaGkN%2Fea%2FIWcipF%2BAQ1T%2BRS8eY6TGvgOf6rmwbGNK1ForpabDDBDNvk6pSQj9cWUgn6yiaCaLzttXj%2F4oiROn5iYOZ%2BYOa1naAxXbpn0kdRnG76sWYdW2Mgc6%2BsYVtYEj0LsSVnP8ixKhs"}],"group":"cf-nel","max_age":604800}
NEL: {"success_fraction":0,"report_to":"cf-nel","max_age":604800}
Server: cloudflare
CF-RAY: 7201199f2c03b3e5-MIA
alt-svc: h3=":443"; ma=86400, h3-29=":443"; ma=86400

{
    "0": {
        "id": 1,
        "name": "Leanne Graham",
        "username": "gjjkcgdf",
        "email": "Sincere@april.biz",
        "address": {
            "street": "Kulas Light",
            "suite": "Apt. 556",
            "city": "Gwenborough",
            "zipcode": "92998-3874",
            "geo": {
                "lat": "-37.3159",
                "lng": "81.1496"
            }
        },
        "phone": "1-770-736-8031 x56442",
        "website": "hildegard.org",
        "company": {
            "name": "hmiqpunt",
            "catchPhrase": "Multi-layered client-server neural-net",
            "bs": "harness real-time e-markets"
        }
    },
    "id": 11
}

2022-06-23 20:45:56 APIMethodPoller [TestNG-test=User API tests-1-25] [INFO] Request method:	POST
Request URI:	https://jsonplaceholder.typicode.com/users
Request params:	<none>
Query params:	<none>
Form params:	<none>
Path params:	<none>
Multiparts:		<none>
Cookies:		<none>
Headers:		Accept=*/*
				Content-Type=application/json; charset=UTF-8
Body:
[
    {
        "id": 1,
        "name": "Leanne Graham",
        "username": "gjjkcgdf",
        "email": "Sincere@april.biz",
        "address": {
            "street": "Kulas Light",
            "suite": "Apt. 556",
            "city": "Gwenborough",
            "zipcode": "92998-3874",
            "geo": {
                "lat": "-37.3159",
                "lng": "81.1496"
            }
        },
        "phone": "1-770-736-8031 x56442",
        "website": "hildegard.org",
        "company": {
            "name": "hmiqpunt",
            "catchPhrase": "Multi-layered client-server neural-net",
            "bs": "harness real-time e-markets"
        }
    }
]
HTTP/1.1 201 Created
Date: Thu, 23 Jun 2022 23:45:56 GMT
Content-Type: application/json; charset=utf-8
Content-Length: 573
Connection: keep-alive
X-Powered-By: Express
X-Ratelimit-Limit: 1000
X-Ratelimit-Remaining: 994
X-Ratelimit-Reset: 1656027990
Vary: Origin, X-HTTP-Method-Override, Accept-Encoding
Access-Control-Allow-Credentials: true
Cache-Control: no-cache
Pragma: no-cache
Expires: -1
Access-Control-Expose-Headers: Location
Location: http://jsonplaceholder.typicode.com/users/11
X-Content-Type-Options: nosniff
Etag: W/"23d-1Ya6U8Flnq3OZy/7L0DNe0nBNOQ"
Via: 1.1 vegur
CF-Cache-Status: DYNAMIC
Expect-CT: max-age=604800, report-uri="https://report-uri.cloudflare.com/cdn-cgi/beacon/expect-ct"
Report-To: {"endpoints":[{"url":"https:\/\/a.nel.cloudflare.com\/report\/v3?s=Wl7TSj00FwQ6DLPBvRbJTjxS%2FigiD7qhVSnLl24jpqYalyTHYOjdNsEaITGjx50cKVrt0%2FvjFwB658p%2FyBMz%2BVqxQvGN6%2BojMqVF83A4IpBcnjOAAm4I2apXvu79X00V8jU14Trxf2qBLl50d6g9"}],"group":"cf-nel","max_age":604800}
NEL: {"success_fraction":0,"report_to":"cf-nel","max_age":604800}
Server: cloudflare
CF-RAY: 720119a96b783716-MIA
alt-svc: h3=":443"; ma=86400, h3-29=":443"; ma=86400

{
    "0": {
        "id": 1,
        "name": "Leanne Graham",
        "username": "gjjkcgdf",
        "email": "Sincere@april.biz",
        "address": {
            "street": "Kulas Light",
            "suite": "Apt. 556",
            "city": "Gwenborough",
            "zipcode": "92998-3874",
            "geo": {
                "lat": "-37.3159",
                "lng": "81.1496"
            }
        },
        "phone": "1-770-736-8031 x56442",
        "website": "hildegard.org",
        "company": {
            "name": "hmiqpunt",
            "catchPhrase": "Multi-layered client-server neural-net",
            "bs": "harness real-time e-markets"
        }
    },
    "id": 11
}

2022-06-23 20:45:56 Messager [TestNG-test=User API tests-1-25] [INFO] TEST [User API tests - testCreateUser] PASSED at [20:45:56 2022-06-23]
]]></system-out>
  </testcase>
</testsuite>