<?xml version="1.0" encoding="UTF-8"?>
<!-- Generated by org.testng.reporters.JUnitReportReporter -->
<testsuite hostname="Carloss-MacBook-Pro.local" failures="0" tests="4" name="demoblazegroup.carina.demo.APISampleTest" time="10.466" errors="0" timestamp="2022-06-23T20:45:56 ART" skipped="0">
  <testcase classname="demoblazegroup.carina.demo.APISampleTest" name="testCreateUser" time="6.260"/>
  <system-out/>
  <testcase classname="demoblazegroup.carina.demo.APISampleTest" name="testGetUsers" time="1.493"/>
  <system-out/>
  <testcase classname="demoblazegroup.carina.demo.APISampleTest" name="testCreateUserMissingSomeFields" time="1.357"/>
  <system-out/>
  <testcase classname="demoblazegroup.carina.demo.APISampleTest" name="testDeleteUsers" time="1.356"/>
  <system-out/>
</testsuite> <!-- demoblazegroup.carina.demo.APISampleTest -->
